<?xml version="1.0" encoding="UTF-8"?>
<!-- Generated by org.testng.reporters.JUnitXMLReporter -->
<testsuite hostname="FA047715" ignored="18" name="Default test" tests="1" failures="0" timestamp="04 Sep 2018 16:30:58 GMT" time="2.52" errors="0">
  <testcase name="verifyTokenWithValidTimestamp" time="2.483" classname="com.api.test.VerifyToken_Account_APIs"/>
  <testcase name="verifyTokenWithInvalidTimestemp" time="0.0" classname="com.api.test.VerifyToken_Account_APIs">
    <ignored/>
  </testcase> <!-- verifyTokenWithInvalidTimestemp -->
  <testcase name="verifyFindAccountWithInvalidAuthorization" time="0.0" classname="com.api.test.VerifyToken_Account_APIs">
    <ignored/>
  </testcase> <!-- verifyFindAccountWithInvalidAuthorization -->
  <testcase name="verifyFindAccountWithInvalidParameter" time="0.0" classname="com.api.test.VerifyToken_Account_APIs">
    <ignored/>
  </testcase> <!-- verifyFindAccountWithInvalidParameter -->
  <testcase name="verifyTokenWithoutContentType" time="0.0" classname="com.api.test.VerifyToken_Account_APIs">
    <ignored/>
  </testcase> <!-- verifyTokenWithoutContentType -->
  <testcase name="verifyFindAccountWithvalidParameter" time="0.0" classname="com.api.test.VerifyToken_Account_APIs">
    <ignored/>
  </testcase> <!-- verifyFindAccountWithvalidParameter -->
  <testcase name="createAccount" time="0.0" classname="com.api.test.VerifyToken_Account_APIs">
    <ignored/>
  </testcase> <!-- createAccount -->
  <testcase name="verifyFindAccountWithInvalidAccountParameter" time="0.0" classname="com.api.test.VerifyToken_Account_APIs">
    <ignored/>
  </testcase> <!-- verifyFindAccountWithInvalidAccountParameter -->
  <testcase name="verifyFindAccountWithoutAuthorization" time="0.0" classname="com.api.test.VerifyToken_Account_APIs">
    <ignored/>
  </testcase> <!-- verifyFindAccountWithoutAuthorization -->
  <testcase name="verifyFindAccountWithNegetiveParameter" time="0.0" classname="com.api.test.VerifyToken_Account_APIs">
    <ignored/>
  </testcase> <!-- verifyFindAccountWithNegetiveParameter -->
  <testcase name="createAccountWithInvalidAuthorizationkey" time="0.0" classname="com.api.test.VerifyToken_Account_APIs">
    <ignored/>
  </testcase> <!-- createAccountWithInvalidAuthorizationkey -->
  <testcase name="verifyFindAccountWithAccount" time="0.0" classname="com.api.test.VerifyToken_Account_APIs">
    <ignored/>
  </testcase> <!-- verifyFindAccountWithAccount -->
  <testcase name="createAccountWithoutAuthorizationKey" time="0.0" classname="com.api.test.VerifyToken_Account_APIs">
    <ignored/>
  </testcase> <!-- createAccountWithoutAuthorizationKey -->
  <testcase name="verifyFindAccountWithParameterAndWithoutAuthorization" time="0.0" classname="com.api.test.VerifyToken_Account_APIs">
    <ignored/>
  </testcase> <!-- verifyFindAccountWithParameterAndWithoutAuthorization -->
  <testcase name="createAccountwithoutContentType" time="0.0" classname="com.api.test.VerifyToken_Account_APIs">
    <ignored/>
  </testcase> <!-- createAccountwithoutContentType -->
  <testcase name="createAccountwithExtraKeyWord" time="0.0" classname="com.api.test.VerifyToken_Account_APIs">
    <ignored/>
  </testcase> <!-- createAccountwithExtraKeyWord -->
  <testcase name="verifyFindAccountWithInvalidAccount" time="0.0" classname="com.api.test.VerifyToken_Account_APIs">
    <ignored/>
  </testcase> <!-- verifyFindAccountWithInvalidAccount -->
  <testcase name="verifyTokenWithInvalidSecretKey" time="0.0" classname="com.api.test.VerifyToken_Account_APIs">
    <ignored/>
  </testcase> <!-- verifyTokenWithInvalidSecretKey -->
  <testcase name="verifyTokenWithoutSecretKey" time="0.0" classname="com.api.test.VerifyToken_Account_APIs">
    <ignored/>
  </testcase> <!-- verifyTokenWithoutSecretKey -->
</testsuite> <!-- Default test -->
